c:\users\ivory\source\repos\assaultcubetrainerinternal\assaultcubetrainerinternal\debug\pch.pch
c:\users\ivory\source\repos\assaultcubetrainerinternal\assaultcubetrainerinternal\debug\vc143.pdb
c:\users\ivory\source\repos\assaultcubetrainerinternal\assaultcubetrainerinternal\debug\vc143.idb
c:\users\ivory\source\repos\assaultcubetrainerinternal\assaultcubetrainerinternal\debug\pch.obj
c:\users\ivory\source\repos\assaultcubetrainerinternal\assaultcubetrainerinternal\debug\proc.obj
c:\users\ivory\source\repos\assaultcubetrainerinternal\assaultcubetrainerinternal\debug\mem.obj
c:\users\ivory\source\repos\assaultcubetrainerinternal\assaultcubetrainerinternal\debug\dllmain.obj
c:\users\ivory\source\repos\assaultcubetrainerinternal\assaultcubetrainerinternal\debug\assaultcubetrainerinternal.ilk
c:\users\ivory\source\repos\assaultcubetrainerinternal\debug\assaultcubetrainerinternal.dll
c:\users\ivory\source\repos\assaultcubetrainerinternal\debug\assaultcubetrainerinternal.pdb
c:\users\ivory\source\repos\assaultcubetrainerinternal\assaultcubetrainerinternal\debug\assaultcubetrainerinternal.vcxproj.cppwinrt_comp.rsp
c:\users\ivory\source\repos\assaultcubetrainerinternal\assaultcubetrainerinternal\debug\assaultcubetrainerinternal.vcxproj.cppwinrt_plat.rsp
c:\users\ivory\source\repos\assaultcubetrainerinternal\assaultcubetrainerinternal\debug\assaultcubetrainerinternal.vcxproj.mdmerge.rsp
c:\users\ivory\source\repos\assaultcubetrainerinternal\assaultcubetrainerinternal\debug\assaultcubetrainerinternal.vcxproj.midlrt.rsp
c:\users\ivory\source\repos\assaultcubetrainerinternal\assaultcubetrainerinternal\debug\assaultc.cbbacb19.tlog\cl.command.1.tlog
c:\users\ivory\source\repos\assaultcubetrainerinternal\assaultcubetrainerinternal\debug\assaultc.cbbacb19.tlog\cl.read.1.tlog
c:\users\ivory\source\repos\assaultcubetrainerinternal\assaultcubetrainerinternal\debug\assaultc.cbbacb19.tlog\cl.write.1.tlog
c:\users\ivory\source\repos\assaultcubetrainerinternal\assaultcubetrainerinternal\debug\assaultc.cbbacb19.tlog\link.command.1.tlog
c:\users\ivory\source\repos\assaultcubetrainerinternal\assaultcubetrainerinternal\debug\assaultc.cbbacb19.tlog\link.read.1.tlog
c:\users\ivory\source\repos\assaultcubetrainerinternal\assaultcubetrainerinternal\debug\assaultc.cbbacb19.tlog\link.write.1.tlog
